INFO [2021-09-29 16:42:49] $x
INFO [2021-09-29 16:42:49] list(sig_unadj_ptm_model$Protein_Label, sig_adj_ptm_model$Protein_Label)
INFO [2021-09-29 16:42:49] 
INFO [2021-09-29 16:42:49] $category.names
INFO [2021-09-29 16:42:49] c("Unadjusted", "Adjusted")
INFO [2021-09-29 16:42:49] 
INFO [2021-09-29 16:42:49] $filename
INFO [2021-09-29 16:42:49] [1] "ipah_venn_diagramm.png"
INFO [2021-09-29 16:42:49] 
INFO [2021-09-29 16:42:49] $output
INFO [2021-09-29 16:42:49] [1] TRUE
INFO [2021-09-29 16:42:49] 
INFO [2021-09-29 16:42:49] $imagetype
INFO [2021-09-29 16:42:49] [1] "png"
INFO [2021-09-29 16:42:49] 
INFO [2021-09-29 16:42:49] $height
INFO [2021-09-29 16:42:49] [1] 1200
INFO [2021-09-29 16:42:49] 
INFO [2021-09-29 16:42:49] $width
INFO [2021-09-29 16:42:49] [1] 1200
INFO [2021-09-29 16:42:49] 
INFO [2021-09-29 16:42:49] $resolution
INFO [2021-09-29 16:42:49] [1] 100
INFO [2021-09-29 16:42:49] 
INFO [2021-09-29 16:42:49] $lwd
INFO [2021-09-29 16:42:49] [1] 2
INFO [2021-09-29 16:42:49] 
INFO [2021-09-29 16:42:49] $fill
INFO [2021-09-29 16:42:49] colors
INFO [2021-09-29 16:42:49] 
INFO [2021-09-29 16:42:49] $main.fontface
INFO [2021-09-29 16:42:49] [1] "bold"
INFO [2021-09-29 16:42:49] 
INFO [2021-09-29 16:42:49] $main.pos
INFO [2021-09-29 16:42:49] c(0.5, 0.965)
INFO [2021-09-29 16:42:49] 
INFO [2021-09-29 16:42:49] $fontface
INFO [2021-09-29 16:42:49] [1] "bold"
INFO [2021-09-29 16:42:49] 
INFO [2021-09-29 16:42:49] $cat.fontface
INFO [2021-09-29 16:42:49] [1] "bold"
INFO [2021-09-29 16:42:49] 
INFO [2021-09-29 16:42:49] $cex
INFO [2021-09-29 16:42:49] [1] 3
INFO [2021-09-29 16:42:49] 
INFO [2021-09-29 16:42:49] $cat.cex
INFO [2021-09-29 16:42:49] [1] 3
INFO [2021-09-29 16:42:49] 
INFO [2021-09-29 16:42:49] $cat.pos
INFO [2021-09-29 16:42:49] c(-40, 30)
INFO [2021-09-29 16:42:49] 
INFO [2021-09-29 16:42:49] $cat.dist
INFO [2021-09-29 16:42:49] c(0.037, 0.03)
INFO [2021-09-29 16:42:49] 
INFO [2021-09-29 16:42:49] $main.cex
INFO [2021-09-29 16:42:49] [1] 2.8
INFO [2021-09-29 16:42:49] 
INFO [2021-09-29 16:42:49] $main
INFO [2021-09-29 16:42:49] [1] "Overlap between signficant adjusted and unadjusted PTMs"
INFO [2021-09-29 16:42:49] 
