INFO  [2022-03-07 13:35:33] Starting parameter and data checks..
INFO  [2022-03-07 13:35:33] Parameter and data checks complete.
INFO  [2022-03-07 13:35:33] Starting PTM summarization..
INFO  [2022-03-07 13:35:33] MSstats - dataProcess function
INFO  [2022-03-07 13:35:33] Summary method: TMP
INFO  [2022-03-07 13:35:33] censoredInt: NA
INFO  [2022-03-07 13:35:34] ** Features with one or two measurements across runs are removed.
INFO  [2022-03-07 13:35:34] ** Fractionation handled.
INFO  [2022-03-07 13:35:34] ** Updated quantification data to make balanced design. Missing values are marked by NA
INFO  [2022-03-07 13:35:34] 

INFO  [2022-03-07 13:35:34] Logarithm transformation with base 2 is done
INFO  [2022-03-07 13:35:34] Factorize in columns(GROUP, SUBJECT, GROUP_ORIGINAL, SUBJECT_ORIGINAL, FEATURE, RUN)
Normalization based on median: OK [2022-03-07 13:35:34] 
INFO  [2022-03-07 13:35:35] ** Use all features that the dataset originally has.
INFO  [2022-03-07 13:35:35] 
 # proteins: 10799
 # peptides per protein: 1-9
 # features per peptide: 1-1
INFO  [2022-03-07 13:35:35] Some proteins have only one feature: 
 A0A024QZR3_K227,
 A0A024QZR3_K231,
 A0A024R047_K89,
 A0A024R2I7_K309,
 A0A024R2M8_K939 ...
INFO  [2022-03-07 13:35:35] 
                    CCCP Combo Ctrl USP30_OE
             # runs    4     4    4        4
    # bioreplicates    2     2    2        2
 # tech. replicates    2     2    2        2
INFO  [2022-03-07 13:35:36] Some features are completely missing in at least one condition:  
 TGTQQELDGVFQKLGNLK*_3_NA_NA,
 EQFCDYMFQQAVKTDNK*_3_NA_NA,
 AKETQGK*_2_NA_NA,
 AVGEMCK*GPGAAR_2_NA_NA,
 K*LQDVHLR_2_NA_NA ...
INFO  [2022-03-07 13:35:36] == Start the summarization per subplot...
INFO  [2022-03-07 13:37:18] == Summarization is done.
INFO  [2022-03-07 13:37:22] Starting Protein summarization..
INFO  [2022-03-07 13:37:22] MSstats - dataProcess function
INFO  [2022-03-07 13:37:22] Summary method: TMP
INFO  [2022-03-07 13:37:22] censoredInt: NA
INFO  [2022-03-07 13:37:22] ** Features with one or two measurements across runs are removed.
INFO  [2022-03-07 13:37:22] ** Fractionation handled.
INFO  [2022-03-07 13:37:22] ** Updated quantification data to make balanced design. Missing values are marked by NA
INFO  [2022-03-07 13:37:22] 

INFO  [2022-03-07 13:37:22] Logarithm transformation with base 2 is done
INFO  [2022-03-07 13:37:22] Factorize in columns(GROUP, SUBJECT, GROUP_ORIGINAL, SUBJECT_ORIGINAL, FEATURE, RUN)
Normalization based on median: OK [2022-03-07 13:37:22] 
INFO  [2022-03-07 13:37:22] ** Use all features that the dataset originally has.
INFO  [2022-03-07 13:37:22] 
 # proteins: 2086
 # peptides per protein: 1-19
 # features per peptide: 1-1
INFO  [2022-03-07 13:37:22] Some proteins have only one feature: 
 A0A024R1P8,
 A0A024R4U1,
 A0A024R5E0,
 A0A024R6W0,
 A0A024R7U6 ...
INFO  [2022-03-07 13:37:22] 
                    CCCP Combo Ctrl USP30_OE
             # runs    4     4    4        4
    # bioreplicates    2     2    2        2
 # tech. replicates    2     2    2        2
INFO  [2022-03-07 13:37:22] Some features are completely missing in at least one condition:  
 MLFQCSLPDTTATLGDEPRK_4_NA_NA,
 FDLIFLMLDPQDEAYDRR_3_NA_NA,
 AIGKGSFGKVSPR_3_NA_NA,
 TILTLTGVSTLGDVK_2_NA_NA,
 LSKSQLPSGGLAQRVGR_4_NA_NA ...
INFO  [2022-03-07 13:37:22] == Start the summarization per subplot...
INFO  [2022-03-07 13:37:34] == Summarization is done.
INFO  [2022-03-07 13:37:35] Summarization complete. Returning output
