INFO [2021-09-29 17:05:48] $x
INFO [2021-09-29 17:05:48] list(sig_unadj_ptm_model$Protein_Label, sig_adj_ptm_model$Protein_Label)
INFO [2021-09-29 17:05:48] 
INFO [2021-09-29 17:05:48] $category.names
INFO [2021-09-29 17:05:48] c("Unadjusted", "Adjusted")
INFO [2021-09-29 17:05:48] 
INFO [2021-09-29 17:05:48] $filename
INFO [2021-09-29 17:05:48] [1] "shig_venn_diagramm.png"
INFO [2021-09-29 17:05:48] 
INFO [2021-09-29 17:05:48] $output
INFO [2021-09-29 17:05:48] [1] TRUE
INFO [2021-09-29 17:05:48] 
INFO [2021-09-29 17:05:48] $imagetype
INFO [2021-09-29 17:05:48] [1] "png"
INFO [2021-09-29 17:05:48] 
INFO [2021-09-29 17:05:48] $height
INFO [2021-09-29 17:05:48] [1] 1200
INFO [2021-09-29 17:05:48] 
INFO [2021-09-29 17:05:48] $width
INFO [2021-09-29 17:05:48] [1] 1200
INFO [2021-09-29 17:05:48] 
INFO [2021-09-29 17:05:48] $resolution
INFO [2021-09-29 17:05:48] [1] 100
INFO [2021-09-29 17:05:48] 
INFO [2021-09-29 17:05:48] $lwd
INFO [2021-09-29 17:05:48] [1] 2
INFO [2021-09-29 17:05:48] 
INFO [2021-09-29 17:05:48] $fill
INFO [2021-09-29 17:05:48] colors
INFO [2021-09-29 17:05:48] 
INFO [2021-09-29 17:05:48] $main.fontface
INFO [2021-09-29 17:05:48] [1] "bold"
INFO [2021-09-29 17:05:48] 
INFO [2021-09-29 17:05:48] $main.pos
INFO [2021-09-29 17:05:48] c(0.5, 0.965)
INFO [2021-09-29 17:05:48] 
INFO [2021-09-29 17:05:48] $fontface
INFO [2021-09-29 17:05:48] [1] "bold"
INFO [2021-09-29 17:05:48] 
INFO [2021-09-29 17:05:48] $cat.fontface
INFO [2021-09-29 17:05:48] [1] "bold"
INFO [2021-09-29 17:05:48] 
INFO [2021-09-29 17:05:48] $cex
INFO [2021-09-29 17:05:48] [1] 3
INFO [2021-09-29 17:05:48] 
INFO [2021-09-29 17:05:48] $cat.cex
INFO [2021-09-29 17:05:48] [1] 3
INFO [2021-09-29 17:05:48] 
INFO [2021-09-29 17:05:48] $cat.pos
INFO [2021-09-29 17:05:48] c(-40, 30)
INFO [2021-09-29 17:05:48] 
INFO [2021-09-29 17:05:48] $cat.dist
INFO [2021-09-29 17:05:48] c(0.037, 0.03)
INFO [2021-09-29 17:05:48] 
INFO [2021-09-29 17:05:48] $main.cex
INFO [2021-09-29 17:05:48] [1] 2.8
INFO [2021-09-29 17:05:48] 
INFO [2021-09-29 17:05:48] $main
INFO [2021-09-29 17:05:48] [1] "Overlap between signficant adjusted and unadjusted PTMs"
INFO [2021-09-29 17:05:48] 
