INFO [2021-09-29 17:06:11] $x
INFO [2021-09-29 17:06:11] list(sig_unadj_ptm_model$Protein_Label, sig_adj_ptm_model$Protein_Label)
INFO [2021-09-29 17:06:11] 
INFO [2021-09-29 17:06:11] $category.names
INFO [2021-09-29 17:06:11] c("Unadjusted", "Adjusted")
INFO [2021-09-29 17:06:11] 
INFO [2021-09-29 17:06:11] $filename
INFO [2021-09-29 17:06:11] [1] "shig_venn_diagramm.png"
INFO [2021-09-29 17:06:11] 
INFO [2021-09-29 17:06:11] $output
INFO [2021-09-29 17:06:11] [1] TRUE
INFO [2021-09-29 17:06:11] 
INFO [2021-09-29 17:06:11] $imagetype
INFO [2021-09-29 17:06:11] [1] "png"
INFO [2021-09-29 17:06:11] 
INFO [2021-09-29 17:06:11] $height
INFO [2021-09-29 17:06:11] [1] 1200
INFO [2021-09-29 17:06:11] 
INFO [2021-09-29 17:06:11] $width
INFO [2021-09-29 17:06:11] [1] 1200
INFO [2021-09-29 17:06:11] 
INFO [2021-09-29 17:06:11] $resolution
INFO [2021-09-29 17:06:11] [1] 100
INFO [2021-09-29 17:06:11] 
INFO [2021-09-29 17:06:11] $lwd
INFO [2021-09-29 17:06:11] [1] 2
INFO [2021-09-29 17:06:11] 
INFO [2021-09-29 17:06:11] $fill
INFO [2021-09-29 17:06:11] colors
INFO [2021-09-29 17:06:11] 
INFO [2021-09-29 17:06:11] $main.fontface
INFO [2021-09-29 17:06:11] [1] "bold"
INFO [2021-09-29 17:06:11] 
INFO [2021-09-29 17:06:11] $main.pos
INFO [2021-09-29 17:06:11] c(0.5, 0.98)
INFO [2021-09-29 17:06:11] 
INFO [2021-09-29 17:06:11] $fontface
INFO [2021-09-29 17:06:11] [1] "bold"
INFO [2021-09-29 17:06:11] 
INFO [2021-09-29 17:06:11] $cat.fontface
INFO [2021-09-29 17:06:11] [1] "bold"
INFO [2021-09-29 17:06:11] 
INFO [2021-09-29 17:06:11] $cex
INFO [2021-09-29 17:06:11] [1] 3
INFO [2021-09-29 17:06:11] 
INFO [2021-09-29 17:06:11] $cat.cex
INFO [2021-09-29 17:06:11] [1] 3
INFO [2021-09-29 17:06:11] 
INFO [2021-09-29 17:06:11] $cat.pos
INFO [2021-09-29 17:06:11] c(-40, 30)
INFO [2021-09-29 17:06:11] 
INFO [2021-09-29 17:06:11] $cat.dist
INFO [2021-09-29 17:06:11] c(0.037, 0.03)
INFO [2021-09-29 17:06:11] 
INFO [2021-09-29 17:06:11] $main.cex
INFO [2021-09-29 17:06:11] [1] 2.8
INFO [2021-09-29 17:06:11] 
INFO [2021-09-29 17:06:11] $main
INFO [2021-09-29 17:06:11] [1] "Overlap between signficant adjusted and unadjusted PTMs"
INFO [2021-09-29 17:06:11] 
