INFO [2021-09-29 17:06:20] $x
INFO [2021-09-29 17:06:20] list(sig_unadj_ptm_model$Protein_Label, sig_adj_ptm_model$Protein_Label)
INFO [2021-09-29 17:06:20] 
INFO [2021-09-29 17:06:20] $category.names
INFO [2021-09-29 17:06:20] c("Unadjusted", "Adjusted")
INFO [2021-09-29 17:06:20] 
INFO [2021-09-29 17:06:20] $filename
INFO [2021-09-29 17:06:20] [1] "shig_venn_diagramm.png"
INFO [2021-09-29 17:06:20] 
INFO [2021-09-29 17:06:20] $output
INFO [2021-09-29 17:06:20] [1] TRUE
INFO [2021-09-29 17:06:20] 
INFO [2021-09-29 17:06:20] $imagetype
INFO [2021-09-29 17:06:20] [1] "png"
INFO [2021-09-29 17:06:20] 
INFO [2021-09-29 17:06:20] $height
INFO [2021-09-29 17:06:20] [1] 1200
INFO [2021-09-29 17:06:20] 
INFO [2021-09-29 17:06:20] $width
INFO [2021-09-29 17:06:20] [1] 1200
INFO [2021-09-29 17:06:20] 
INFO [2021-09-29 17:06:20] $resolution
INFO [2021-09-29 17:06:20] [1] 100
INFO [2021-09-29 17:06:20] 
INFO [2021-09-29 17:06:20] $lwd
INFO [2021-09-29 17:06:20] [1] 2
INFO [2021-09-29 17:06:20] 
INFO [2021-09-29 17:06:20] $fill
INFO [2021-09-29 17:06:20] colors
INFO [2021-09-29 17:06:20] 
INFO [2021-09-29 17:06:20] $main.fontface
INFO [2021-09-29 17:06:20] [1] "bold"
INFO [2021-09-29 17:06:20] 
INFO [2021-09-29 17:06:20] $main.pos
INFO [2021-09-29 17:06:20] c(0.5, 1)
INFO [2021-09-29 17:06:20] 
INFO [2021-09-29 17:06:20] $fontface
INFO [2021-09-29 17:06:20] [1] "bold"
INFO [2021-09-29 17:06:20] 
INFO [2021-09-29 17:06:20] $cat.fontface
INFO [2021-09-29 17:06:20] [1] "bold"
INFO [2021-09-29 17:06:20] 
INFO [2021-09-29 17:06:20] $cex
INFO [2021-09-29 17:06:20] [1] 3
INFO [2021-09-29 17:06:20] 
INFO [2021-09-29 17:06:20] $cat.cex
INFO [2021-09-29 17:06:20] [1] 3
INFO [2021-09-29 17:06:20] 
INFO [2021-09-29 17:06:20] $cat.pos
INFO [2021-09-29 17:06:20] c(-40, 30)
INFO [2021-09-29 17:06:20] 
INFO [2021-09-29 17:06:20] $cat.dist
INFO [2021-09-29 17:06:20] c(0.037, 0.03)
INFO [2021-09-29 17:06:20] 
INFO [2021-09-29 17:06:20] $main.cex
INFO [2021-09-29 17:06:20] [1] 2.8
INFO [2021-09-29 17:06:20] 
INFO [2021-09-29 17:06:20] $main
INFO [2021-09-29 17:06:20] [1] "Overlap between signficant adjusted and unadjusted PTMs"
INFO [2021-09-29 17:06:20] 
